Using pre-set license
Built from '2020.3/staging' branch; Version is '2020.3.11f1 (99c7afb366b3) revision 10078127'; Using compiler version '192528614'; Build Type 'Release'
OS: 'Windows 10 Home; OS build 19043.1237; Version 2009; 64bit' Language: 'en' Physical Memory: 8029 MB
BatchMode: 1, IsHumanControllingUs: 0, StartBugReporterOnCrash: 0, Is64bit: 1, IsPro: 0

 COMMAND LINE ARGUMENTS:
C:\Program Files\Unity\Hub\Editor\2020.3.11f1\Editor\Unity.exe
-adb2
-batchMode
-noUpm
-name
AssetImportWorker0
-projectPath
C:/Users/contr/Documents/G/Dev/Unity/VRChem/VRChem/Lesson
-logFile
Logs/AssetImportWorker0.log
-srvPort
55361
Successfully changed project path to: C:/Users/contr/Documents/G/Dev/Unity/VRChem/VRChem/Lesson
C:/Users/contr/Documents/G/Dev/Unity/VRChem/VRChem/Lesson
Using Asset Import Pipeline V2.
Refreshing native plugins compatible for Editor in 87.13 ms, found 10 plugins.
Preloading 1 native plugins for Editor in 1.25 ms.
Initialize engine version: 2020.3.11f1 (99c7afb366b3)
[Subsystems] Discovering subsystems at path C:/Program Files/Unity/Hub/Editor/2020.3.11f1/Editor/Data/Resources/UnitySubsystems
[Subsystems] Discovering subsystems at path C:/Users/contr/Documents/G/Dev/Unity/VRChem/VRChem/Lesson/Assets
GfxDevice: creating device client; threaded=0
Direct3D:
    Version:  Direct3D 11.0 [level 11.1]
    Renderer: NVIDIA GeForce GTX 1650 (ID=0x1f91)
    Vendor:   
    VRAM:     3962 MB
    Driver:   30.0.14.7141
Initialize mono
Mono path[0] = 'C:/Program Files/Unity/Hub/Editor/2020.3.11f1/Editor/Data/Managed'
Mono path[1] = 'C:/Program Files/Unity/Hub/Editor/2020.3.11f1/Editor/Data/MonoBleedingEdge/lib/mono/unityjit'
Mono config path = 'C:/Program Files/Unity/Hub/Editor/2020.3.11f1/Editor/Data/MonoBleedingEdge/etc'
Using monoOptions --debugger-agent=transport=dt_socket,embedding=1,server=y,suspend=n,address=127.0.0.1:56764
Begin MonoManager ReloadAssembly
Registering precompiled unity dll's ...
Register platform support module: C:/Program Files/Unity/Hub/Editor/2020.3.11f1/Editor/Data/PlaybackEngines/WebGLSupport/UnityEditor.WebGL.Extensions.dll
Register platform support module: C:/Program Files/Unity/Hub/Editor/2020.3.11f1/Editor/Data/PlaybackEngines/WindowsStandaloneSupport/UnityEditor.WindowsStandalone.Extensions.dll
Registered in 0.004304 seconds.
Native extension for WindowsStandalone target not found
Native extension for WebGL target not found
Refreshing native plugins compatible for Editor in 58.91 ms, found 10 plugins.
Preloading 1 native plugins for Editor in 0.07 ms.
Mono: successfully reloaded assembly
- Completed reload, in  2.957 seconds
Platform modules already initialized, skipping
Registering precompiled user dll's ...
Registered in 0.020650 seconds.
Begin MonoManager ReloadAssembly
Native extension for WindowsStandalone target not found
Native extension for WebGL target not found
Refreshing native plugins compatible for Editor in 64.70 ms, found 10 plugins.
Preloading 1 native plugins for Editor in 0.07 ms.
[XR] OculusXRPlugin: registering subsystems
[XR] Unable to register display lifecyle provider: [1]
[XR] Oculus Input lifecycle provider registered.
[XR] Unable to register input lifecyle provider: [1]
NullReferenceException: Object reference not set to an instance of an object
  at Unity.XR.Oculus.OculusLoader.AssetPathToAbsolutePath (System.String assetPath) [0x00048] in C:\Users\contr\Documents\G\Dev\Unity\VRChem\Lesson\Library\PackageCache\com.unity.xr.oculus@1.10.0\Runtime\OculusLoader.cs:250 
  at Unity.XR.Oculus.OculusLoader.EditorLoadOVRPlugin () [0x0007b] in C:\Users\contr\Documents\G\Dev\Unity\VRChem\Lesson\Library\PackageCache\com.unity.xr.oculus@1.10.0\Runtime\OculusLoader.cs:235 

(Filename: C:/Users/contr/Documents/G/Dev/Unity/VRChem/Lesson/Library/PackageCache/com.unity.xr.oculus@1.10.0/Runtime/OculusLoader.cs Line: 250)

Mono: successfully reloaded assembly
- Completed reload, in  1.430 seconds
Platform modules already initialized, skipping
========================================================================
Worker process is ready to serve import requests
Launched and connected shader compiler UnityShaderCompiler.exe after 0.04 seconds
Refreshing native plugins compatible for Editor in 0.85 ms, found 10 plugins.
Preloading 1 native plugins for Editor in 0.08 ms.
Unloading 3409 Unused Serialized files (Serialized files now loaded: 0)
System memory in use before: 153.0 MB.
System memory in use after: 153.2 MB.

Unloading 40 unused Assets to reduce memory usage. Loaded Objects now: 3852.
Total: 3.885700 ms (FindLiveObjects: 0.481200 ms CreateObjectMapping: 0.212500 ms MarkObjects: 3.048000 ms  DeleteObjects: 0.142600 ms)

========================================================================
Received Import Request.
  path: Assets/LevelInfo.cs
  artifactKey: Guid(f183af5a732e0184b911f6d74c0cf66e) Importer(815301076,1909f56bfc062723c751e8b465ee728b)
Start importing Assets/LevelInfo.cs using Guid(f183af5a732e0184b911f6d74c0cf66e) Importer(815301076,1909f56bfc062723c751e8b465ee728b)  -> (artifact id: 'e3edc56701e84253f7eb5c118e2b8c79') in 0.037132 seconds
  Import took 0.044476 seconds .

========================================================================
Received Import Request.
  Time since last request: 0.000523 seconds.
  path: Assets/atommanager.cs
  artifactKey: Guid(312f6a86559454d4b864b21cd288b393) Importer(815301076,1909f56bfc062723c751e8b465ee728b)
Start importing Assets/atommanager.cs using Guid(312f6a86559454d4b864b21cd288b393) Importer(815301076,1909f56bfc062723c751e8b465ee728b)  -> (artifact id: '6f8e57289cce481e83ffb3571577056f') in 0.010671 seconds
  Import took 0.018880 seconds .

========================================================================
Received Import Request.
  Time since last request: 0.000259 seconds.
  path: Assets/Textcontrol.cs
  artifactKey: Guid(a0039e35724ef4b2796f9ef1d39d3f0e) Importer(815301076,1909f56bfc062723c751e8b465ee728b)
Start importing Assets/Textcontrol.cs using Guid(a0039e35724ef4b2796f9ef1d39d3f0e) Importer(815301076,1909f56bfc062723c751e8b465ee728b)  -> (artifact id: 'df6b8adbf080fd979f205312d77ab30b') in 0.010825 seconds
  Import took 0.017842 seconds .

========================================================================
Received Import Request.
  Time since last request: 1671.204211 seconds.
  path: Assets/Chemistry Lab KP.unity
  artifactKey: Guid(e78af157670d5418a9060af74eb0b844) Importer(815301076,1909f56bfc062723c751e8b465ee728b)
Start importing Assets/Chemistry Lab KP.unity using Guid(e78af157670d5418a9060af74eb0b844) Importer(815301076,1909f56bfc062723c751e8b465ee728b)  -> (artifact id: 'd49bb27ed92a2e857fe5e35186778a77') in 0.018643 seconds
  Import took 0.026570 seconds .

========================================================================
Received Import Request.
  Time since last request: 35.071288 seconds.
  path: Assets/Chemistry Class - School/Chemistry Class - School/models/prefab/flask_3.prefab
  artifactKey: Guid(ed09e899923d5ea4a85265b28d8a890e) Importer(815301076,1909f56bfc062723c751e8b465ee728b)
Start importing Assets/Chemistry Class - School/Chemistry Class - School/models/prefab/flask_3.prefab using Guid(ed09e899923d5ea4a85265b28d8a890e) Importer(815301076,1909f56bfc062723c751e8b465ee728b)  -> (artifact id: '759592858efd3b5ae9fce352d75ab5bb') in 0.293639 seconds
  Import took 0.299822 seconds .

========================================================================
Received Import Request.
  Time since last request: 0.000244 seconds.
  path: Assets/Chemistry Class - School/Chemistry Class - School/models/prefab/flower.prefab
  artifactKey: Guid(b46865d4697e72d428e4c26139644565) Importer(815301076,1909f56bfc062723c751e8b465ee728b)
Start importing Assets/Chemistry Class - School/Chemistry Class - School/models/prefab/flower.prefab using Guid(b46865d4697e72d428e4c26139644565) Importer(815301076,1909f56bfc062723c751e8b465ee728b)  -> (artifact id: '184e091bc5bde14b253b6e10aa0fc811') in 0.030250 seconds
  Import took 0.036974 seconds .

========================================================================
Received Import Request.
  Time since last request: 0.000316 seconds.
  path: Assets/Chemistry Class - School/Chemistry Class - School/models/prefab/flask_5.prefab
  artifactKey: Guid(780a0cd4a9aead34b8fa53a988db2627) Importer(815301076,1909f56bfc062723c751e8b465ee728b)
Start importing Assets/Chemistry Class - School/Chemistry Class - School/models/prefab/flask_5.prefab using Guid(780a0cd4a9aead34b8fa53a988db2627) Importer(815301076,1909f56bfc062723c751e8b465ee728b)  -> (artifact id: '28f1f1cda9e1c63f07f1c9e650840d96') in 0.072926 seconds
  Import took 0.081602 seconds .

========================================================================
Received Import Request.
  Time since last request: 0.000334 seconds.
  path: Assets/Chemistry Class - School/Chemistry Class - School/models/prefab/flask_10.prefab
  artifactKey: Guid(8934e27c14f961e48ab9420b310369e1) Importer(815301076,1909f56bfc062723c751e8b465ee728b)
Start importing Assets/Chemistry Class - School/Chemistry Class - School/models/prefab/flask_10.prefab using Guid(8934e27c14f961e48ab9420b310369e1) Importer(815301076,1909f56bfc062723c751e8b465ee728b)  -> (artifact id: 'd49ec1b4dc438597580829c05ffaf123') in 0.059541 seconds
  Import took 0.065031 seconds .

========================================================================
Received Import Request.
  Time since last request: 0.000315 seconds.
  path: Assets/Chemistry Class - School/Chemistry Class - School/models/prefab/flask_4.prefab
  artifactKey: Guid(fb04955594bfca448bbb9e827fe3811e) Importer(815301076,1909f56bfc062723c751e8b465ee728b)
Start importing Assets/Chemistry Class - School/Chemistry Class - School/models/prefab/flask_4.prefab using Guid(fb04955594bfca448bbb9e827fe3811e) Importer(815301076,1909f56bfc062723c751e8b465ee728b)  -> (artifact id: '6e6765ad4ec41a59ac3e4f1cec34092a') in 0.050904 seconds
  Import took 0.056231 seconds .

========================================================================
Received Import Request.
  Time since last request: 0.000365 seconds.
  path: Assets/Chemistry Class - School/Chemistry Class - School/models/prefab/flask_6.prefab
  artifactKey: Guid(7564ae152ea46ba40b5a3ce700f774d5) Importer(815301076,1909f56bfc062723c751e8b465ee728b)
Start importing Assets/Chemistry Class - School/Chemistry Class - School/models/prefab/flask_6.prefab using Guid(7564ae152ea46ba40b5a3ce700f774d5) Importer(815301076,1909f56bfc062723c751e8b465ee728b)  -> (artifact id: '9953f946f69b0ac1df9f5ab9b85cf364') in 0.048559 seconds
  Import took 0.054645 seconds .

========================================================================
Received Import Request.
  Time since last request: 0.000287 seconds.
  path: Assets/Chemistry Class - School/Chemistry Class - School/models/prefab/flask_7.prefab
  artifactKey: Guid(d2ec76c7aff29fc45a206f6dbaae8ec3) Importer(815301076,1909f56bfc062723c751e8b465ee728b)
Start importing Assets/Chemistry Class - School/Chemistry Class - School/models/prefab/flask_7.prefab using Guid(d2ec76c7aff29fc45a206f6dbaae8ec3) Importer(815301076,1909f56bfc062723c751e8b465ee728b)  -> (artifact id: '42cea34158ef63a8ffc77ace42d3c4c3') in 0.048011 seconds
  Import took 0.053690 seconds .

========================================================================
Received Import Request.
  Time since last request: 0.000257 seconds.
  path: Assets/Chemistry Class - School/Chemistry Class - School/models/prefab/flask_8.prefab
  artifactKey: Guid(1d2f8ea5118239d4e9d22668937dd9d1) Importer(815301076,1909f56bfc062723c751e8b465ee728b)
Start importing Assets/Chemistry Class - School/Chemistry Class - School/models/prefab/flask_8.prefab using Guid(1d2f8ea5118239d4e9d22668937dd9d1) Importer(815301076,1909f56bfc062723c751e8b465ee728b)  -> (artifact id: 'be345da96fec50a1e33dc123dce1effb') in 0.051715 seconds
  Import took 0.057103 seconds .

========================================================================
Received Import Request.
  Time since last request: 2.580849 seconds.
  path: Assets/Scenes/912.unity
  artifactKey: Guid(25131d78e25fb42d3a54f7a7fe3cd3ae) Importer(815301076,1909f56bfc062723c751e8b465ee728b)
Start importing Assets/Scenes/912.unity using Guid(25131d78e25fb42d3a54f7a7fe3cd3ae) Importer(815301076,1909f56bfc062723c751e8b465ee728b)  -> (artifact id: '13dedbf422a7298dc776937be304019a') in 0.007170 seconds
  Import took 0.014376 seconds .

