Using pre-set license
Built from '2020.3/staging' branch; Version is '2020.3.11f1 (99c7afb366b3) revision 10078127'; Using compiler version '192528614'; Build Type 'Release'
OS: 'Windows 10 Home; OS build 19043.1237; Version 2009; 64bit' Language: 'en' Physical Memory: 8029 MB
BatchMode: 1, IsHumanControllingUs: 0, StartBugReporterOnCrash: 0, Is64bit: 1, IsPro: 0

 COMMAND LINE ARGUMENTS:
C:\Program Files\Unity\Hub\Editor\2020.3.11f1\Editor\Unity.exe
-adb2
-batchMode
-noUpm
-name
AssetImportWorker0
-projectPath
C:/Users/contr/Documents/G/Dev/Unity/VRChem/VRChem/Lesson
-logFile
Logs/AssetImportWorker0.log
-srvPort
65524
Successfully changed project path to: C:/Users/contr/Documents/G/Dev/Unity/VRChem/VRChem/Lesson
C:/Users/contr/Documents/G/Dev/Unity/VRChem/VRChem/Lesson
Using Asset Import Pipeline V2.
Refreshing native plugins compatible for Editor in 253.31 ms, found 10 plugins.
Preloading 1 native plugins for Editor in 12.58 ms.
Initialize engine version: 2020.3.11f1 (99c7afb366b3)
[Subsystems] Discovering subsystems at path C:/Program Files/Unity/Hub/Editor/2020.3.11f1/Editor/Data/Resources/UnitySubsystems
[Subsystems] Discovering subsystems at path C:/Users/contr/Documents/G/Dev/Unity/VRChem/VRChem/Lesson/Assets
GfxDevice: creating device client; threaded=0
Direct3D:
    Version:  Direct3D 11.0 [level 11.1]
    Renderer: NVIDIA GeForce GTX 1650 (ID=0x1f91)
    Vendor:   
    VRAM:     3962 MB
    Driver:   30.0.14.7141
Initialize mono
Mono path[0] = 'C:/Program Files/Unity/Hub/Editor/2020.3.11f1/Editor/Data/Managed'
Mono path[1] = 'C:/Program Files/Unity/Hub/Editor/2020.3.11f1/Editor/Data/MonoBleedingEdge/lib/mono/unityjit'
Mono config path = 'C:/Program Files/Unity/Hub/Editor/2020.3.11f1/Editor/Data/MonoBleedingEdge/etc'
Using monoOptions --debugger-agent=transport=dt_socket,embedding=1,server=y,suspend=n,address=127.0.0.1:56452
Begin MonoManager ReloadAssembly
Registering precompiled unity dll's ...
Register platform support module: C:/Program Files/Unity/Hub/Editor/2020.3.11f1/Editor/Data/PlaybackEngines/WebGLSupport/UnityEditor.WebGL.Extensions.dll
Register platform support module: C:/Program Files/Unity/Hub/Editor/2020.3.11f1/Editor/Data/PlaybackEngines/WindowsStandaloneSupport/UnityEditor.WindowsStandalone.Extensions.dll
Registered in 0.011690 seconds.
Native extension for WindowsStandalone target not found
Native extension for WebGL target not found
Refreshing native plugins compatible for Editor in 113.33 ms, found 10 plugins.
Preloading 1 native plugins for Editor in 0.07 ms.
Mono: successfully reloaded assembly
- Completed reload, in  6.950 seconds
Platform modules already initialized, skipping
Registering precompiled user dll's ...
Registered in 0.029574 seconds.
Begin MonoManager ReloadAssembly
Native extension for WindowsStandalone target not found
Native extension for WebGL target not found
Refreshing native plugins compatible for Editor in 172.31 ms, found 10 plugins.
Preloading 1 native plugins for Editor in 0.08 ms.
[XR] OculusXRPlugin: registering subsystems
[XR] Unable to register display lifecyle provider: [1]
[XR] Oculus Input lifecycle provider registered.
[XR] Unable to register input lifecyle provider: [1]
NullReferenceException: Object reference not set to an instance of an object
  at Unity.XR.Oculus.OculusLoader.AssetPathToAbsolutePath (System.String assetPath) [0x00048] in C:\Users\contr\Documents\G\Dev\Unity\VRChem\Lesson\Library\PackageCache\com.unity.xr.oculus@1.10.0\Runtime\OculusLoader.cs:250 
  at Unity.XR.Oculus.OculusLoader.EditorLoadOVRPlugin () [0x0007b] in C:\Users\contr\Documents\G\Dev\Unity\VRChem\Lesson\Library\PackageCache\com.unity.xr.oculus@1.10.0\Runtime\OculusLoader.cs:235 

(Filename: C:/Users/contr/Documents/G/Dev/Unity/VRChem/Lesson/Library/PackageCache/com.unity.xr.oculus@1.10.0/Runtime/OculusLoader.cs Line: 250)

Mono: successfully reloaded assembly
- Completed reload, in  2.765 seconds
Platform modules already initialized, skipping
========================================================================
Worker process is ready to serve import requests
Launched and connected shader compiler UnityShaderCompiler.exe after 0.11 seconds
Refreshing native plugins compatible for Editor in 1.39 ms, found 10 plugins.
Preloading 1 native plugins for Editor in 0.12 ms.
Unloading 3408 Unused Serialized files (Serialized files now loaded: 0)
System memory in use before: 152.7 MB.
System memory in use after: 152.9 MB.

Unloading 40 unused Assets to reduce memory usage. Loaded Objects now: 3851.
Total: 8.995000 ms (FindLiveObjects: 0.379000 ms CreateObjectMapping: 0.320700 ms MarkObjects: 8.189800 ms  DeleteObjects: 0.104000 ms)

========================================================================
Received Import Request.
  path: Assets/Art Assets/PreFabs/Red - Proton.prefab
  artifactKey: Guid(dd22632362a0748da91e0d8f01d391b7) Importer(815301076,1909f56bfc062723c751e8b465ee728b)
Start importing Assets/Art Assets/PreFabs/Red - Proton.prefab using Guid(dd22632362a0748da91e0d8f01d391b7) Importer(815301076,1909f56bfc062723c751e8b465ee728b)  -> (artifact id: '9fde9f86ddd6f283e60f97a80d21b890') in 0.524670 seconds
  Import took 0.536225 seconds .

========================================================================
Received Import Request.
  Time since last request: 1.919283 seconds.
  path: Assets/Art Assets/PreFabs/Red - Proton.prefab
  artifactKey: Guid(dd22632362a0748da91e0d8f01d391b7) Importer(815301076,1909f56bfc062723c751e8b465ee728b)
Start importing Assets/Art Assets/PreFabs/Red - Proton.prefab using Guid(dd22632362a0748da91e0d8f01d391b7) Importer(815301076,1909f56bfc062723c751e8b465ee728b)  -> (artifact id: 'ec30d906875b4f1d25a737bd061843ec') in 0.054935 seconds
  Import took 0.073270 seconds .

========================================================================
Received Import Request.
  Time since last request: 2.004785 seconds.
  path: Assets/Art Assets/PreFabs/Red - Proton.prefab
  artifactKey: Guid(dd22632362a0748da91e0d8f01d391b7) Importer(815301076,1909f56bfc062723c751e8b465ee728b)
Start importing Assets/Art Assets/PreFabs/Red - Proton.prefab using Guid(dd22632362a0748da91e0d8f01d391b7) Importer(815301076,1909f56bfc062723c751e8b465ee728b)  -> (artifact id: '00a79840a3a3ba3df9fd75cd041e2077') in 0.062934 seconds
  Import took 0.072125 seconds .

========================================================================
Received Import Request.
  Time since last request: 5.764013 seconds.
  path: Assets/XR/Settings/Open XR Package Settings.asset
  artifactKey: Guid(3ec20aa85bffb4ccdbcf4b48b6af3a73) Importer(815301076,1909f56bfc062723c751e8b465ee728b)
Start importing Assets/XR/Settings/Open XR Package Settings.asset using Guid(3ec20aa85bffb4ccdbcf4b48b6af3a73) Importer(815301076,1909f56bfc062723c751e8b465ee728b)  -> (artifact id: '8b967d20b23d6c1f55a7d35d84246f77') in 0.017769 seconds
  Import took 0.030677 seconds .

========================================================================
Received Prepare
Registering precompiled user dll's ...
Registered in 0.021715 seconds.
Begin MonoManager ReloadAssembly
Native extension for WindowsStandalone target not found
Native extension for WebGL target not found
Refreshing native plugins compatible for Editor in 1.19 ms, found 10 plugins.
Preloading 1 native plugins for Editor in 0.13 ms.
NullReferenceException: Object reference not set to an instance of an object
  at Unity.XR.Oculus.OculusLoader.AssetPathToAbsolutePath (System.String assetPath) [0x00048] in C:\Users\contr\Documents\G\Dev\Unity\VRChem\Lesson\Library\PackageCache\com.unity.xr.oculus@1.10.0\Runtime\OculusLoader.cs:250 
  at Unity.XR.Oculus.OculusLoader.EditorLoadOVRPlugin () [0x0007b] in C:\Users\contr\Documents\G\Dev\Unity\VRChem\Lesson\Library\PackageCache\com.unity.xr.oculus@1.10.0\Runtime\OculusLoader.cs:235 

(Filename: C:/Users/contr/Documents/G/Dev/Unity/VRChem/Lesson/Library/PackageCache/com.unity.xr.oculus@1.10.0/Runtime/OculusLoader.cs Line: 250)

Mono: successfully reloaded assembly
- Completed reload, in  2.313 seconds
Platform modules already initialized, skipping
Switching build target platform(19) subTarget(0) extendedPlatform(0) -> platform(13) subTarget(524288) extendedPlatform(0)
Refreshing native plugins compatible for Editor in 2.82 ms, found 10 plugins.
Preloading 1 native plugins for Editor in 0.22 ms.
Unloading 3271 Unused Serialized files (Serialized files now loaded: 0)
System memory in use before: 145.9 MB.
System memory in use after: 146.1 MB.

Unloading 55 unused Assets to reduce memory usage. Loaded Objects now: 3900.
Total: 4.334500 ms (FindLiveObjects: 0.676800 ms CreateObjectMapping: 0.260600 ms MarkObjects: 3.267000 ms  DeleteObjects: 0.121000 ms)

AssetImportParameters requested are different than current active one (requested -> active):
  custom:graphics/normal-map-encoding: 01000000000000000000000000000000 -> 02000000000000000000000000000000
